# JRE version: OpenJDK Runtime Environment (8.0_242-b01) (build 1.8.0_242-release-1644-b01)
# Java VM: OpenJDK 64-Bit Server VM (25.242-b01 mixed mode windows-amd64 compressed oops)
Heap:
 PSYoungGen      total 145920K, used 15945K [0x00000000e0000000, 0x00000000ea480000, 0x0000000100000000)
  eden space 134656K, 11% used [0x00000000e0000000,0x00000000e0f925b8,0x00000000e8380000)
  from space 11264K, 0% used [0x00000000e8e80000,0x00000000e8e80000,0x00000000e9980000)
  to   space 6656K, 0% used [0x00000000e9e00000,0x00000000e9e00000,0x00000000ea480000)
 ParOldGen       total 88064K, used 31233K [0x00000000a0000000, 0x00000000a5600000, 0x00000000e0000000)
  object space 88064K, 35% used [0x00000000a0000000,0x00000000a1e80420,0x00000000a5600000)
 Metaspace       used 50604K, capacity 52566K, committed 52824K, reserved 1099776K
  class space    used 6775K, capacity 7189K, committed 7296K, reserved 1048576K
GC Heap History (10 events):
Event: 6.450 GC heap before
{Heap before GC invocations=10 (full 1):
 PSYoungGen      total 117760K, used 38059K [0x00000000e0000000, 0x00000000e7f80000, 0x0000000100000000)
  eden space 106496K, 26% used [0x00000000e0000000,0x00000000e1bf70b0,0x00000000e6800000)
  from space 11264K, 83% used [0x00000000e7380000,0x00000000e7cb3cb0,0x00000000e7e80000)
  to   space 11776K, 0% used [0x00000000e6800000,0x00000000e6800000,0x00000000e7380000)
 ParOldGen       total 58880K, used 8977K [0x00000000a0000000, 0x00000000a3980000, 0x00000000e0000000)
  object space 58880K, 15% used [0x00000000a0000000,0x00000000a08c4418,0x00000000a3980000)
 Metaspace       used 34185K, capacity 35328K, committed 35416K, reserved 1079296K
  class space    used 4711K, capacity 4973K, committed 4992K, reserved 1048576K
Event: 6.466 GC heap after
Heap after GC invocations=10 (full 1):
 PSYoungGen      total 118272K, used 8152K [0x00000000e0000000, 0x00000000ea980000, 0x0000000100000000)
  eden space 106496K, 0% used [0x00000000e0000000,0x00000000e0000000,0x00000000e6800000)
  from space 11776K, 69% used [0x00000000e6800000,0x00000000e6ff6070,0x00000000e7380000)
  to   space 11776K, 0% used [0x00000000e9e00000,0x00000000e9e00000,0x00000000ea980000)
 ParOldGen       total 58880K, used 8985K [0x00000000a0000000, 0x00000000a3980000, 0x00000000e0000000)
  object space 58880K, 15% used [0x00000000a0000000,0x00000000a08c6418,0x00000000a3980000)
 Metaspace       used 34185K, capacity 35328K, committed 35416K, reserved 1079296K
  class space    used 4711K, capacity 4973K, committed 4992K, reserved 1048576K
}
Event: 6.466 GC heap before
{Heap before GC invocations=11 (full 2):
 PSYoungGen      total 118272K, used 8152K [0x00000000e0000000, 0x00000000ea980000, 0x0000000100000000)
  eden space 106496K, 0% used [0x00000000e0000000,0x00000000e0000000,0x00000000e6800000)
  from space 11776K, 69% used [0x00000000e6800000,0x00000000e6ff6070,0x00000000e7380000)
  to   space 11776K, 0% used [0x00000000e9e00000,0x00000000e9e00000,0x00000000ea980000)
 ParOldGen       total 58880K, used 8985K [0x00000000a0000000, 0x00000000a3980000, 0x00000000e0000000)
  object space 58880K, 15% used [0x00000000a0000000,0x00000000a08c6418,0x00000000a3980000)
 Metaspace       used 34185K, capacity 35328K, committed 35416K, reserved 1079296K
  class space    used 4711K, capacity 4973K, committed 4992K, reserved 1048576K
Event: 6.561 GC heap after
Heap after GC invocations=11 (full 2):
 PSYoungGen      total 118272K, used 0K [0x00000000e0000000, 0x00000000ea980000, 0x0000000100000000)
  eden space 106496K, 0% used [0x00000000e0000000,0x00000000e0000000,0x00000000e6800000)
  from space 11776K, 0% used [0x00000000e6800000,0x00000000e6800000,0x00000000e7380000)
  to   space 11776K, 0% used [0x00000000e9e00000,0x00000000e9e00000,0x00000000ea980000)
 ParOldGen       total 88064K, used 14534K [0x00000000a0000000, 0x00000000a5600000, 0x00000000e0000000)
  object space 88064K, 16% used [0x00000000a0000000,0x00000000a0e318b0,0x00000000a5600000)
 Metaspace       used 34185K, capacity 35328K, committed 35416K, reserved 1079296K
  class space    used 4711K, capacity 4973K, committed 4992K, reserved 1048576K
}
Event: 8.069 GC heap before
{Heap before GC invocations=12 (full 2):
 PSYoungGen      total 118272K, used 106496K [0x00000000e0000000, 0x00000000ea980000, 0x0000000100000000)
  eden space 106496K, 100% used [0x00000000e0000000,0x00000000e6800000,0x00000000e6800000)
  from space 11776K, 0% used [0x00000000e6800000,0x00000000e6800000,0x00000000e7380000)
  to   space 11776K, 0% used [0x00000000e9e00000,0x00000000e9e00000,0x00000000ea980000)
 ParOldGen       total 88064K, used 14534K [0x00000000a0000000, 0x00000000a5600000, 0x00000000e0000000)
  object space 88064K, 16% used [0x00000000a0000000,0x00000000a0e318b0,0x00000000a5600000)
 Metaspace       used 37148K, capacity 38818K, committed 39000K, reserved 1083392K
  class space    used 5123K, capacity 5450K, committed 5504K, reserved 1048576K
Event: 8.081 GC heap after
Heap after GC invocations=12 (full 2):
 PSYoungGen      total 141312K, used 6648K [0x00000000e0000000, 0x00000000ea480000, 0x0000000100000000)
  eden space 134656K, 0% used [0x00000000e0000000,0x00000000e0000000,0x00000000e8380000)
  from space 6656K, 99% used [0x00000000e9e00000,0x00000000ea47e3d0,0x00000000ea480000)
  to   space 11264K, 0% used [0x00000000e8e80000,0x00000000e8e80000,0x00000000e9980000)
 ParOldGen       total 88064K, used 14542K [0x00000000a0000000, 0x00000000a5600000, 0x00000000e0000000)
  object space 88064K, 16% used [0x00000000a0000000,0x00000000a0e338b0,0x00000000a5600000)
 Metaspace       used 37148K, capacity 38818K, committed 39000K, reserved 1083392K
  class space    used 5123K, capacity 5450K, committed 5504K, reserved 1048576K
}
Event: 13.858 GC heap before
{Heap before GC invocations=13 (full 2):
 PSYoungGen      total 141312K, used 124279K [0x00000000e0000000, 0x00000000ea480000, 0x0000000100000000)
  eden space 134656K, 87% used [0x00000000e0000000,0x00000000e72dfa28,0x00000000e8380000)
  from space 6656K, 99% used [0x00000000e9e00000,0x00000000ea47e3d0,0x00000000ea480000)
  to   space 11264K, 0% used [0x00000000e8e80000,0x00000000e8e80000,0x00000000e9980000)
 ParOldGen       total 88064K, used 14542K [0x00000000a0000000, 0x00000000a5600000, 0x00000000e0000000)
  object space 88064K, 16% used [0x00000000a0000000,0x00000000a0e338b0,0x00000000a5600000)
 Metaspace       used 50083K, capacity 51982K, committed 52184K, reserved 1101824K
  class space    used 6690K, capacity 7064K, committed 7168K, reserved 1048576K
Event: 13.879 GC heap after
Heap after GC invocations=13 (full 2):
 PSYoungGen      total 145920K, used 11244K [0x00000000e0000000, 0x00000000ea480000, 0x0000000100000000)
  eden space 134656K, 0% used [0x00000000e0000000,0x00000000e0000000,0x00000000e8380000)
  from space 11264K, 99% used [0x00000000e8e80000,0x00000000e997b320,0x00000000e9980000)
  to   space 6656K, 0% used [0x00000000e9e00000,0x00000000e9e00000,0x00000000ea480000)
 ParOldGen       total 88064K, used 22661K [0x00000000a0000000, 0x00000000a5600000, 0x00000000e0000000)
  object space 88064K, 25% used [0x00000000a0000000,0x00000000a1621458,0x00000000a5600000)
 Metaspace       used 50083K, capacity 51982K, committed 52184K, reserved 1101824K
  class space    used 6690K, capacity 7064K, committed 7168K, reserved 1048576K
}
Event: 13.879 GC heap before
{Heap before GC invocations=14 (full 3):
 PSYoungGen      total 145920K, used 11244K [0x00000000e0000000, 0x00000000ea480000, 0x0000000100000000)
  eden space 134656K, 0% used [0x00000000e0000000,0x00000000e0000000,0x00000000e8380000)
  from space 11264K, 99% used [0x00000000e8e80000,0x00000000e997b320,0x00000000e9980000)
  to   space 6656K, 0% used [0x00000000e9e00000,0x00000000e9e00000,0x00000000ea480000)
 ParOldGen       total 88064K, used 22661K [0x00000000a0000000, 0x00000000a5600000, 0x00000000e0000000)
  object space 88064K, 25% used [0x00000000a0000000,0x00000000a1621458,0x00000000a5600000)
 Metaspace       used 50083K, capacity 51982K, committed 52184K, reserved 1101824K
  class space    used 6690K, capacity 7064K, committed 7168K, reserved 1048576K
Event: 14.101 GC heap after
Heap after GC invocations=14 (full 3):
 PSYoungGen      total 145920K, used 0K [0x00000000e0000000, 0x00000000ea480000, 0x0000000100000000)
  eden space 134656K, 0% used [0x00000000e0000000,0x00000000e0000000,0x00000000e8380000)
  from space 11264K, 0% used [0x00000000e8e80000,0x00000000e8e80000,0x00000000e9980000)
  to   space 6656K, 0% used [0x00000000e9e00000,0x00000000e9e00000,0x00000000ea480000)
 ParOldGen       total 88064K, used 31233K [0x00000000a0000000, 0x00000000a5600000, 0x00000000e0000000)
  object space 88064K, 35% used [0x00000000a0000000,0x00000000a1e80420,0x00000000a5600000)
 Metaspace       used 50043K, capacity 51850K, committed 52184K, reserved 1099776K
  class space    used 6678K, capacity 7042K, committed 7168K, reserved 1048576K
}

